---------------------------------------------------------------------------------------------------------------------------------
      name:  <unnamed>
       log:  C:\My Dropbox\Afrobarometer\NUNN_WANTCHEKON_AER_2011_REPLICATION_FILES\WVS_falsification\WVS_falsification_Table8.lo
> g
  log type:  text
 opened on:  16 Nov 2010, 11:15:12

. 
. use "WVS_falsification_dataset.dta"

. 
. *************************
. *** Table 8, Cols 3-5 ***
. *************************
. 
. /* Chile (1990); Norway (1990); Sweden (1990); Great Britain (1990); Northern Ireland (1990) */
. * Col 3
. xi: reg inter_group_trust near_dist i.s025 if africa==0 & missing(occupation)!=1 & missing(age)!=1 & missing(male)!=1 & missing
> (urban)!=1, cluster(near_dist) 
i.s025            _Is025_122002-9091990(naturally coded; _Is025_122002 omitted)

Linear regression                                      Number of obs =   10308
                                                       F(  8,   106) =       .
                                                       Prob > F      =       .
                                                       R-squared     =  0.0923
                                                       Root MSE      =  .57891

                            (Std. Err. adjusted for 107 clusters in near_dist)
------------------------------------------------------------------------------
             |               Robust
inter_grou~t |      Coef.   Std. Err.      t    P>|t|     [95% Conf. Interval]
-------------+----------------------------------------------------------------
   near_dist |   -.000203   .0001352    -1.50   0.136    -.0004711    .0000652
_Is02~321995 |  (omitted)
_Is02~361995 |  (omitted)
_Is025_401~9 |   .0771747   .0293399     2.63   0.010     .0190054     .135344
_Is02~561999 |  (omitted)
_Is0~1122000 |  -.3569374   .0610389    -5.85   0.000    -.4779529    -.235922
_Is0~1242000 |  (omitted)
_Is0~1521990 |  -.2553667   .0190343   -13.42   0.000    -.2931039   -.2176294
_Is0~1562001 |  (omitted)
_Is0~1701998 |  (omitted)
_Is0~2031999 |  (omitted)
_Is0~2081999 |  (omitted)
_Is0~2141996 |  (omitted)
_Is0~2221999 |  (omitted)
_Is0~2501999 |  (omitted)
_Is0~2761999 |   .0797883    .060829     1.31   0.192    -.0408111    .2003878
_Is0~3481999 |  (omitted)
_Is0~3562001 |  (omitted)
_Is0~3602001 |  (omitted)
_Is0~3642000 |  (omitted)
_Is0~3682004 |  (omitted)
_Is0~3801999 |  -.4335456   .0210291   -20.62   0.000    -.4752378   -.3918535
_Is0~3922000 |  (omitted)
_Is0~4421999 |  (omitted)
_Is0~4701999 |  (omitted)
_Is0~4842000 |  (omitted)
_Is0~5281999 |  (omitted)
_Is0~5541998 |  (omitted)
_Is0~5661990 |  (omitted)
_Is0~5781990 |   .0115116   .0163658     0.70   0.483    -.0209353    .0439585
_Is0~5862001 |  (omitted)
_Is0~6041996 |  (omitted)
_Is0~6082001 |  (omitted)
_Is0~6421999 |  (omitted)
_Is0~6431999 |  (omitted)
_Is0~6822003 |  (omitted)
_Is0~7102001 |  (omitted)
_Is0~7162001 |  (omitted)
_Is0~7241999 |  (omitted)
_Is0~7242000 |  (omitted)
_Is0~7521990 |  -.0616164   .0187193    -3.29   0.001    -.0987292   -.0245036
_Is0~7561996 |  (omitted)
_Is0~7922001 |  (omitted)
_Is0~8041999 |  (omitted)
_Is0~8182000 |  (omitted)
_Is0~8261990 |  -.1019467   .0227988    -4.47   0.000    -.1471475   -.0567459
_Is0~8401999 |  (omitted)
_Is0~8581996 |  (omitted)
_Is0~8622000 |  (omitted)
_Is0~9001981 |  (omitted)
_Is0~9091990 |  (omitted)
       _cons |   2.125808   .0060174   353.27   0.000     2.113877    2.137738
------------------------------------------------------------------------------

. * Col 4
. xi: reg inter_group_trust near_dist i.occupation male* age* urban_dum i.s025 if africa==0, cluster(near_dist) 
i.occupation      _Ioccupatio_11-81   (naturally coded; _Ioccupatio_11 omitted)
i.s025            _Is025_122002-9091990(naturally coded; _Is025_122002 omitted)

Linear regression                                      Number of obs =   10308
                                                       F( 24,   106) =       .
                                                       Prob > F      =       .
                                                       R-squared     =  0.1064
                                                       Root MSE      =  .57483

                            (Std. Err. adjusted for 107 clusters in near_dist)
------------------------------------------------------------------------------
             |               Robust
inter_grou~t |      Coef.   Std. Err.      t    P>|t|     [95% Conf. Interval]
-------------+----------------------------------------------------------------
   near_dist |  -.0001919   .0001234    -1.56   0.123    -.0004366    .0000527
_Ioccupat~13 |  -.0522512    .085631    -0.61   0.543     -.222023    .1175206
_Ioccupat~14 |  (omitted)
_Ioccupat~16 |  -.1043483   .0775755    -1.35   0.181    -.2581493    .0494526
_Ioccupat~21 |  -.0729768   .0704012    -1.04   0.302     -.212554    .0666004
_Ioccupat~22 |  -.0627725   .0715181    -0.88   0.382    -.2045642    .0790192
_Ioccupat~23 |  (omitted)
_Ioccupat~24 |  -.0783778   .0703303    -1.11   0.268    -.2178145     .061059
_Ioccupat~25 |  (omitted)
_Ioccupat~31 |  -.0086848   .0959295    -0.09   0.928    -.1988744    .1815048
_Ioccupat~32 |  -.0620758   .0659964    -0.94   0.349    -.1929201    .0687686
_Ioccupat~33 |  -.1201599   .0692233    -1.74   0.085    -.2574018     .017082
_Ioccupat~34 |  -.0735655   .0808217    -0.91   0.365    -.2338025    .0866714
_Ioccupat~41 |  -.0755026   .0787571    -0.96   0.340    -.2316462    .0806411
_Ioccupat~42 |  -.1195082   .0738116    -1.62   0.108    -.2658468    .0268304
_Ioccupat~51 |  (omitted)
_Ioccupat~61 |  -.0637189    .084968    -0.75   0.455    -.2321761    .1047384
_Ioccupat~81 |  (omitted)
        male |   .0287606   .0137337     2.09   0.039     .0015323    .0559889
         age |   .0078407   .0028225     2.78   0.006     .0022449    .0134366
        age2 |  -.0000428   .0000306    -1.40   0.165    -.0001035    .0000179
   urban_dum |  -.0558059   .0177306    -3.15   0.002    -.0909585   -.0206534
_Is02~321995 |  (omitted)
_Is02~361995 |  (omitted)
_Is025_401~9 |   .0626206   .0279641     2.24   0.027      .007179    .1180622
_Is02~561999 |  (omitted)
_Is0~1122000 |  -.3556753   .0551219    -6.45   0.000    -.4649597   -.2463909
_Is0~1242000 |  (omitted)
_Is0~1521990 |  -.1946216   .0221151    -8.80   0.000     -.238467   -.1507762
_Is0~1562001 |  (omitted)
_Is0~1701998 |  (omitted)
_Is0~2031999 |  (omitted)
_Is0~2081999 |  (omitted)
_Is0~2141996 |  (omitted)
_Is0~2221999 |  (omitted)
_Is0~2501999 |  (omitted)
_Is0~2761999 |   .0687387   .0604571     1.14   0.258    -.0511234    .1886008
_Is0~3481999 |  (omitted)
_Is0~3562001 |  (omitted)
_Is0~3602001 |  (omitted)
_Is0~3642000 |  (omitted)
_Is0~3682004 |  (omitted)
_Is0~3801999 |  -.4460135   .0227708   -19.59   0.000    -.4911589    -.400868
_Is0~3922000 |  (omitted)
_Is0~4421999 |  (omitted)
_Is0~4701999 |  (omitted)
_Is0~4842000 |  (omitted)
_Is0~5281999 |  (omitted)
_Is0~5541998 |  (omitted)
_Is0~5661990 |  (omitted)
_Is0~5781990 |   .0055895   .0158931     0.35   0.726    -.0259202    .0370991
_Is0~5862001 |  (omitted)
_Is0~6041996 |  (omitted)
_Is0~6082001 |  (omitted)
_Is0~6421999 |  (omitted)
_Is0~6431999 |  (omitted)
_Is0~6822003 |  (omitted)
_Is0~7102001 |  (omitted)
_Is0~7162001 |  (omitted)
_Is0~7241999 |  (omitted)
_Is0~7242000 |  (omitted)
_Is0~7521990 |  -.0499423    .021909    -2.28   0.025     -.093379   -.0065056
_Is0~7561996 |  (omitted)
_Is0~7922001 |  (omitted)
_Is0~8041999 |  (omitted)
_Is0~8182000 |  (omitted)
_Is0~8261990 |  -.1051401   .0240275    -4.38   0.000    -.1527769   -.0575033
_Is0~8401999 |  (omitted)
_Is0~8581996 |  (omitted)
_Is0~8622000 |  (omitted)
_Is0~9001981 |  (omitted)
_Is0~9091990 |  (omitted)
       _cons |    1.95225   .0604609    32.29   0.000      1.83238    2.072119
------------------------------------------------------------------------------

. * Col 5 - Nigeria
. xi: reg inter_group_trust near_dist i.occupation male* age* if africa==1, cluster(near_dist) 
i.occupation      _Ioccupatio_11-81   (naturally coded; _Ioccupatio_11 omitted)

Linear regression                                      Number of obs =     974
                                                       F( 14,    15) =       .
                                                       Prob > F      =       .
                                                       R-squared     =  0.0579
                                                       Root MSE      =  .86361

                             (Std. Err. adjusted for 16 clusters in near_dist)
------------------------------------------------------------------------------
             |               Robust
inter_grou~t |      Coef.   Std. Err.      t    P>|t|     [95% Conf. Interval]
-------------+----------------------------------------------------------------
   near_dist |   .0005374   .0001032     5.21   0.000     .0003175    .0007572
_Ioccupat~13 |  -.3357478    .218324    -1.54   0.145    -.8010943    .1295987
_Ioccupat~14 |  (omitted)
_Ioccupat~16 |  -.6382391   .3136278    -2.04   0.060    -1.306721    .0302428
_Ioccupat~21 |  -.5410795   .1886241    -2.87   0.012    -.9431223   -.1390366
_Ioccupat~22 |   -.738437   .2289448    -3.23   0.006    -1.226421   -.2504528
_Ioccupat~23 |  (omitted)
_Ioccupat~24 |  -.5770585   .2639734    -2.19   0.045    -1.139704   -.0144126
_Ioccupat~25 |  (omitted)
_Ioccupat~31 |  -.3127415   .1962438    -1.59   0.132    -.7310253    .1055424
_Ioccupat~32 |  -.6311408    .214582    -2.94   0.010    -1.088512     -.17377
_Ioccupat~33 |  -.5990284   .2799529    -2.14   0.049    -1.195734   -.0023229
_Ioccupat~34 |  -.5541827   .1884662    -2.94   0.010    -.9558888   -.1524765
_Ioccupat~41 |  -.5320836   .1451412    -3.67   0.002    -.8414447   -.2227226
_Ioccupat~42 |  (omitted)
_Ioccupat~51 |  -.6763778   .3177614    -2.13   0.050     -1.35367    .0009147
_Ioccupat~61 |  -.7280684   .2049254    -3.55   0.003    -1.164856   -.2912804
_Ioccupat~81 |  (omitted)
        male |   .0525832   .0646243     0.81   0.429    -.0851603    .1903268
         age |  -.0141995   .0099528    -1.43   0.174    -.0354134    .0070144
        age2 |   .0002981   .0001257     2.37   0.032     .0000302     .000566
       _cons |   1.813516   .2585996     7.01   0.000     1.262323    2.364708
------------------------------------------------------------------------------

. 
. log close
      name:  <unnamed>
       log:  C:\My Dropbox\Afrobarometer\NUNN_WANTCHEKON_AER_2011_REPLICATION_FILES\WVS_falsification\WVS_falsification_Table8.lo
> g
  log type:  text
 closed on:  16 Nov 2010, 11:15:18
---------------------------------------------------------------------------------------------------------------------------------
